<?xml version="1.0" encoding="UTF-8"?>
<!-- Generated by org.testng.reporters.JUnitXMLReporter -->
<testsuite ignored="1" hostname="LAPTOP-UA1F7RES" failures="0" tests="1" name="Default test" time="11.752" errors="0" timestamp="2024-04-14T22:47:35 PDT">
  <testcase classname="com.training.testcases.LeadTest" name="LeadsViewDrop_22" time="4.165"/>
  <testcase classname="com.training.testcases.LeadTest" name="LeadsTab_21" time="0.0">
    <ignored/>
  </testcase> <!-- LeadsTab_21 -->
</testsuite> <!-- Default test -->
