<?xml version="1.0" encoding="UTF-8"?>
<!-- Generated by org.testng.reporters.JUnitXMLReporter -->
<testsuite ignored="4" hostname="LAPTOP-UA1F7RES" failures="0" tests="1" name="Default test" time="20.57" errors="0" timestamp="2024-04-08T08:17:41 PDT">
  <testcase classname="com.training.testcases.LoginTest" name="invalidLogin_5" time="16.987"/>
  <testcase classname="com.training.testcases.LoginTest" name="invalidLogin_1" time="0.0">
    <ignored/>
  </testcase> <!-- invalidLogin_1 -->
  <testcase classname="com.training.testcases.LoginTest" name="forgotPassword_4B" time="0.0">
    <ignored/>
  </testcase> <!-- forgotPassword_4B -->
  <testcase classname="com.training.testcases.LoginTest" name="rememberMe_3" time="0.0">
    <ignored/>
  </testcase> <!-- rememberMe_3 -->
  <testcase classname="com.training.testcases.LoginTest" name="TC2_Validlogin" time="0.0">
    <ignored/>
  </testcase> <!-- TC2_Validlogin -->
</testsuite> <!-- Default test -->
