<?xml version="1.0" encoding="UTF-8"?>
<testng-results ignored="0" total="1" passed="1" failed="0" skipped="0">
  <reporter-output>
  </reporter-output>
  <suite started-at="2024-04-08T08:17:20 PDT" name="Default suite" finished-at="2024-04-08T08:17:41 PDT" duration-ms="20570">
    <groups>
    </groups>
    <test started-at="2024-04-08T08:17:20 PDT" name="Default test" finished-at="2024-04-08T08:17:41 PDT" duration-ms="20570">
      <class name="com.training.testcases.LoginTest">
        <test-method is-config="true" signature="BeforeMethod()[pri:0, instance:com.training.testcases.LoginTest@6d4d66d2]" started-at="2024-04-08T08:17:20 PDT" name="BeforeMethod" finished-at="2024-04-08T08:17:24 PDT" duration-ms="3539" status="PASS">
          <reporter-output>
          </reporter-output>
        </test-method> <!-- BeforeMethod -->
        <test-method signature="invalidLogin_5()[pri:0, instance:com.training.testcases.LoginTest@6d4d66d2]" started-at="2024-04-08T08:17:24 PDT" name="invalidLogin_5" finished-at="2024-04-08T08:17:41 PDT" duration-ms="16987" status="PASS">
          <reporter-output>
          </reporter-output>
        </test-method> <!-- invalidLogin_5 -->
      </class> <!-- com.training.testcases.LoginTest -->
    </test> <!-- Default test -->
  </suite> <!-- Default suite -->
</testng-results>
